[LOG] System::create                           : Header version = 2.00.10. Current version = 2.00.10.
[LOG] Manager::init                            : maxchannels = 256 studioflags = 00000006 flags 00000000 extradriverdata 0000000000000000.
[LOG] SystemI::init                            : Initialize version=20010 (110198), maxchannels=256, flags=0x00020000
[LOG] SystemI::setOutputInternal               : Setting output to 'FMOD WASAPI Output'
[LOG] OutputWASAPI::init                       : Mix Format (WAVEFORMATEX): wFormatTag=0xFFFE, nChannels=2, nSamplesPerSec=48000, nAvgBytesPerSec=384000, nBlockAlign=8, wBitsPerSample=32, cbSize=22.
[LOG] OutputWASAPI::init                       : Mix Format (WAVEFORMATEXTENSIBLE): wValidBitsPerSample=32, dwChannelMask=0x00000003, SubFormat=00000003-0000-0010-8000-00AA00389B71.
[LOG] OutputWASAPI::init                       : Output buffer size: 4096 samples, latency: 0.00ms, period: 10.00ms, DSP buffer: 1024 * 4
[LOG] Thread::initThread                       : Init FMOD stream thread. Priority: 2, Stack Size: 98304, Semaphore: No, Sleep Time: 10, Looping: Yes.
[LOG] Thread::initThread                       : Init FMOD mixer thread. Priority: 3, Stack Size: 81920, Semaphore: No, Sleep Time: 0, Looping: Yes.
[LOG] AsyncManager::init                       : manager 000001F3B5EED898 isAsync 0 updatePeriod 0.02
[LOG] AsyncManager::init                       : done
[LOG] PlaybackSystem::init                     : 
[LOG] Thread::initThread                       : Init FMOD Studio sample load thread. Priority: 0, Stack Size: 98304, Semaphore: No, Sleep Time: 1, Looping: No.
[LOG] PlaybackSystem::init                     : done
[LOG] Thread::initThread                       : Init FMOD Studio bank load thread. Priority: 0, Stack Size: 98304, Semaphore: No, Sleep Time: 1, Looping: No.
[LOG] Manager::init                            : done.
[LOG] Manager::readBank                        : fileversion = 125, compatVersion = 119 (oldest = 44, newest = 125)
[LOG] PlaybackSystem::acquireMasterBus         : Setting master channel group format to 6
[LOG] SystemI::createSoundInternal             : Create name='', mode=0x02000202
[LOG] SystemI::createSoundInternal             : exinfo->cbsize             = 224
[LOG] SystemI::createSoundInternal             : exinfo->length             = 7032384
[LOG] SystemI::createSoundInternal             : exinfo->fileoffset         = 128864
[LOG] SystemI::createSoundInternal             : exinfo->numsubsounds       = 1
[LOG] SystemI::createSoundInternal             : exinfo->inclusionlist      = 000000B499A0EE7C
[LOG] SystemI::createSoundInternal             : exinfo->inclusionlistnum   = 1
[LOG] SystemI::createSoundInternal             : exinfo->suggestedsoundtype = 5
[LOG] SystemI::createSoundInternal             : exinfo->useropen           = 00007FF90FD0C2D0
[LOG] SystemI::createSoundInternal             : exinfo->userclose          = 00007FF90FD0C2A0
[LOG] SystemI::createSoundInternal             : exinfo->userread           = 00007FF90FD0C3A0
[LOG] SystemI::createSoundInternal             : exinfo->userseek           = 00007FF90FD0C460
[LOG] SystemI::createSoundInternal             : exinfo->fileuserdata       = 000001F5618591E8
[LOG] SystemI::createSoundInternal             : exinfo->initialseekpostype = 1
[LOG] SystemI::DSPCodecPoolRegister            : register codec pool for pool type 5
[LOG] SystemI::createSoundInternal             : Sample 0/1: name='DIA_H1', format=2, channels=1, frequency=48000, lengthbytes=25600, lengthpcm=149669, pcmblocksize=0, loopstart=0, loopend=0, mode=0x00000000, channelmask=0x00000000, channelorder=0, peakvolume=0.237366.
[LOG] SoundI::release                          :  (000001F49C47B258)
[LOG] SoundI::release                          :     DIA_H1 (000001F4AC809C18)
[LOG] Manager::readBank                        : fileversion = 125, compatVersion = 119 (oldest = 44, newest = 125)
[LOG] PlaybackSystem::acquireMasterBus         : Setting master channel group format to 6
[LOG] SystemI::createSoundInternal             : Create name='', mode=0x02000202
[LOG] SystemI::createSoundInternal             : exinfo->cbsize             = 224
[LOG] SystemI::createSoundInternal             : exinfo->length             = 7032384
[LOG] SystemI::createSoundInternal             : exinfo->fileoffset         = 128864
[LOG] SystemI::createSoundInternal             : exinfo->numsubsounds       = 1
[LOG] SystemI::createSoundInternal             : exinfo->inclusionlist      = 000000B499A0EE7C
[LOG] SystemI::createSoundInternal             : exinfo->inclusionlistnum   = 1
[LOG] SystemI::createSoundInternal             : exinfo->suggestedsoundtype = 5
[LOG] SystemI::createSoundInternal             : exinfo->useropen           = 00007FF90FD0C2D0
[LOG] SystemI::createSoundInternal             : exinfo->userclose          = 00007FF90FD0C2A0
[LOG] SystemI::createSoundInternal             : exinfo->userread           = 00007FF90FD0C3A0
[LOG] SystemI::createSoundInternal             : exinfo->userseek           = 00007FF90FD0C460
[LOG] SystemI::createSoundInternal             : exinfo->fileuserdata       = 000001F561858DC8
[LOG] SystemI::createSoundInternal             : exinfo->initialseekpostype = 1
[LOG] SystemI::DSPCodecPoolRegister            : register codec pool for pool type 5
[LOG] SystemI::createSoundInternal             : Sample 0/1: name='DIA_H1', format=2, channels=1, frequency=48000, lengthbytes=25600, lengthpcm=149669, pcmblocksize=0, loopstart=0, loopend=0, mode=0x00000000, channelmask=0x00000000, channelorder=0, peakvolume=0.237366.
[LOG] SoundI::release                          :  (000001F49C47A9B8)
[LOG] SoundI::release                          :     DIA_H1 (000001F4AC809738)
[LOG] Manager::readBank                        : fileversion = 125, compatVersion = 119 (oldest = 44, newest = 125)
[LOG] PlaybackSystem::acquireMasterBus         : Setting master channel group format to 6
[LOG] SystemI::createSoundInternal             : Create name='', mode=0x02000202
[LOG] SystemI::createSoundInternal             : exinfo->cbsize             = 224
[LOG] SystemI::createSoundInternal             : exinfo->length             = 7032384
[LOG] SystemI::createSoundInternal             : exinfo->fileoffset         = 128864
[LOG] SystemI::createSoundInternal             : exinfo->numsubsounds       = 1
[LOG] SystemI::createSoundInternal             : exinfo->inclusionlist      = 000000B499A0EE7C
[LOG] SystemI::createSoundInternal             : exinfo->inclusionlistnum   = 1
[LOG] SystemI::createSoundInternal             : exinfo->suggestedsoundtype = 5
[LOG] SystemI::createSoundInternal             : exinfo->useropen           = 00007FF90FD0C2D0
[LOG] SystemI::createSoundInternal             : exinfo->userclose          = 00007FF90FD0C2A0
[LOG] SystemI::createSoundInternal             : exinfo->userread           = 00007FF90FD0C3A0
[LOG] SystemI::createSoundInternal             : exinfo->userseek           = 00007FF90FD0C460
[LOG] SystemI::createSoundInternal             : exinfo->fileuserdata       = 000001F5618593F8
[LOG] SystemI::createSoundInternal             : exinfo->initialseekpostype = 1
[LOG] SystemI::DSPCodecPoolRegister            : register codec pool for pool type 5
[LOG] SystemI::createSoundInternal             : Sample 0/1: name='DIA_H', format=2, channels=1, frequency=48000, lengthbytes=36032, lengthpcm=213165, pcmblocksize=0, loopstart=0, loopend=0, mode=0x00000000, channelmask=0x00000000, channelorder=0, peakvolume=0.114960.
[LOG] SoundI::release                          :  (000001F49C47A9B8)
[LOG] SoundI::release                          :     DIA_H (000001F4AC809C18)
[LOG] Manager::readBank                        : fileversion = 125, compatVersion = 119 (oldest = 44, newest = 125)
[LOG] PlaybackSystem::acquireMasterBus         : Setting master channel group format to 6
[LOG] SystemI::createSoundInternal             : Create name='', mode=0x02000202
[LOG] SystemI::createSoundInternal             : exinfo->cbsize             = 224
[LOG] SystemI::createSoundInternal             : exinfo->length             = 7032384
[LOG] SystemI::createSoundInternal             : exinfo->fileoffset         = 128864
[LOG] SystemI::createSoundInternal             : exinfo->numsubsounds       = 1
[LOG] SystemI::createSoundInternal             : exinfo->inclusionlist      = 000000B499A0EE7C
[LOG] SystemI::createSoundInternal             : exinfo->inclusionlistnum   = 1
[LOG] SystemI::createSoundInternal             : exinfo->suggestedsoundtype = 5
[LOG] SystemI::createSoundInternal             : exinfo->useropen           = 00007FF90FD0C2D0
[LOG] SystemI::createSoundInternal             : exinfo->userclose          = 00007FF90FD0C2A0
[LOG] SystemI::createSoundInternal             : exinfo->userread           = 00007FF90FD0C3A0
[LOG] SystemI::createSoundInternal             : exinfo->userseek           = 00007FF90FD0C460
[LOG] SystemI::createSoundInternal             : exinfo->fileuserdata       = 000001F5618591E8
[LOG] SystemI::createSoundInternal             : exinfo->initialseekpostype = 1
[LOG] SystemI::DSPCodecPoolRegister            : register codec pool for pool type 5
[LOG] SystemI::createSoundInternal             : Sample 0/1: name='DIA_H2', format=2, channels=1, frequency=48000, lengthbytes=20864, lengthpcm=121549, pcmblocksize=0, loopstart=0, loopend=0, mode=0x00000000, channelmask=0x00000000, channelorder=0, peakvolume=0.067200.
[LOG] SoundI::release                          :  (000001F49C47A9B8)
[LOG] SoundI::release                          :     DIA_H2 (000001F4AC809738)
[LOG] Manager::readBank                        : fileversion = 125, compatVersion = 119 (oldest = 44, newest = 125)
[LOG] PlaybackSystem::acquireMasterBus         : Setting master channel group format to 6
[LOG] SystemI::createSoundInternal             : Create name='', mode=0x02000202
[LOG] SystemI::createSoundInternal             : exinfo->cbsize             = 224
[LOG] SystemI::createSoundInternal             : exinfo->length             = 7032384
[LOG] SystemI::createSoundInternal             : exinfo->fileoffset         = 128864
[LOG] SystemI::createSoundInternal             : exinfo->numsubsounds       = 1
[LOG] SystemI::createSoundInternal             : exinfo->inclusionlist      = 000000B499A0EE7C
[LOG] SystemI::createSoundInternal             : exinfo->inclusionlistnum   = 1
[LOG] SystemI::createSoundInternal             : exinfo->suggestedsoundtype = 5
[LOG] SystemI::createSoundInternal             : exinfo->useropen           = 00007FF90FD0C2D0
[LOG] SystemI::createSoundInternal             : exinfo->userclose          = 00007FF90FD0C2A0
[LOG] SystemI::createSoundInternal             : exinfo->userread           = 00007FF90FD0C3A0
[LOG] SystemI::createSoundInternal             : exinfo->userseek           = 00007FF90FD0C460
[LOG] SystemI::createSoundInternal             : exinfo->fileuserdata       = 000001F5618593F8
[LOG] SystemI::createSoundInternal             : exinfo->initialseekpostype = 1
[LOG] SystemI::DSPCodecPoolRegister            : register codec pool for pool type 5
[LOG] SystemI::createSoundInternal             : Sample 0/1: name='DIA_H3', format=2, channels=1, frequency=48000, lengthbytes=22912, lengthpcm=129713, pcmblocksize=0, loopstart=0, loopend=0, mode=0x00000000, channelmask=0x00000000, channelorder=0, peakvolume=0.097443.
[LOG] SoundI::release                          :  (000001F49C47B0E8)
[LOG] SoundI::release                          :     DIA_H3 (000001F4AC809738)
[LOG] Manager::readBank                        : fileversion = 125, compatVersion = 119 (oldest = 44, newest = 125)
[LOG] PlaybackSystem::acquireMasterBus         : Setting master channel group format to 6
[LOG] SystemI::createSoundInternal             : Create name='', mode=0x02000202
[LOG] SystemI::createSoundInternal             : exinfo->cbsize             = 224
[LOG] SystemI::createSoundInternal             : exinfo->length             = 7032384
[LOG] SystemI::createSoundInternal             : exinfo->fileoffset         = 128864
[LOG] SystemI::createSoundInternal             : exinfo->numsubsounds       = 1
[LOG] SystemI::createSoundInternal             : exinfo->inclusionlist      = 000000B499A0EE7C
[LOG] SystemI::createSoundInternal             : exinfo->inclusionlistnum   = 1
[LOG] SystemI::createSoundInternal             : exinfo->suggestedsoundtype = 5
[LOG] SystemI::createSoundInternal             : exinfo->useropen           = 00007FF90FD0C2D0
[LOG] SystemI::createSoundInternal             : exinfo->userclose          = 00007FF90FD0C2A0
[LOG] SystemI::createSoundInternal             : exinfo->userread           = 00007FF90FD0C3A0
[LOG] SystemI::createSoundInternal             : exinfo->userseek           = 00007FF90FD0C460
[LOG] SystemI::createSoundInternal             : exinfo->fileuserdata       = 000001F561858BB8
[LOG] SystemI::createSoundInternal             : exinfo->initialseekpostype = 1
[LOG] SystemI::DSPCodecPoolRegister            : register codec pool for pool type 5
[LOG] SystemI::createSoundInternal             : Sample 0/1: name='DIA_Hstar', format=2, channels=1, frequency=48000, lengthbytes=14592, lengthpcm=84359, pcmblocksize=0, loopstart=0, loopend=0, mode=0x00000000, channelmask=0x00000000, channelorder=0, peakvolume=0.083435.
[LOG] SoundI::release                          :  (000001F49C47A9B8)
[LOG] SoundI::release                          :     DIA_Hstar (000001F4AC809C18)
[LOG] Thread::callback                         : FMOD Studio bank load thread finished.
[LOG] Thread::callback                         : FMOD Studio sample load thread finished.
[LOG] LiveUpdate::release                      : 
[LOG] LiveUpdate::reset                        : Reset connection (reason Disconnected)
[LOG] Thread::callback                         : FMOD stream thread finished.
[LOG] Thread::callback                         : FMOD mixer thread finished.
[LOG] SystemI::close                           : Closed.
